Using pre-set license
Built from '2022.3/staging' branch; Version is '2022.3.10f1 (ff3792e53c62) revision 16725906'; Using compiler version '192829333'; Build Type 'Release'
OS: 'Windows 11  (10.0.22621) 64bit Core' Language: 'en' Physical Memory: 32456 MB
BatchMode: 1, IsHumanControllingUs: 0, StartBugReporterOnCrash: 0, Is64bit: 1, IsPro: 1

COMMAND LINE ARGUMENTS:
C:\Program Files\Unity\Hub\Editor\2022.3.10f1\Editor\Unity.exe
-adb2
-batchMode
-noUpm
-name
AssetImportWorker4
-projectPath
C:/Users/szkep/LabUnity/2D Platformer SKepinski
-logFile
Logs/AssetImportWorker4.log
-srvPort
55461
Successfully changed project path to: C:/Users/szkep/LabUnity/2D Platformer SKepinski
C:/Users/szkep/LabUnity/2D Platformer SKepinski
[UnityMemory] Configuration Parameters - Can be set up in boot.config
    "memorysetup-bucket-allocator-granularity=16"
    "memorysetup-bucket-allocator-bucket-count=8"
    "memorysetup-bucket-allocator-block-size=33554432"
    "memorysetup-bucket-allocator-block-count=8"
    "memorysetup-main-allocator-block-size=16777216"
    "memorysetup-thread-allocator-block-size=16777216"
    "memorysetup-gfx-main-allocator-block-size=16777216"
    "memorysetup-gfx-thread-allocator-block-size=16777216"
    "memorysetup-cache-allocator-block-size=4194304"
    "memorysetup-typetree-allocator-block-size=2097152"
    "memorysetup-profiler-bucket-allocator-granularity=16"
    "memorysetup-profiler-bucket-allocator-bucket-count=8"
    "memorysetup-profiler-bucket-allocator-block-size=33554432"
    "memorysetup-profiler-bucket-allocator-block-count=8"
    "memorysetup-profiler-allocator-block-size=16777216"
    "memorysetup-profiler-editor-allocator-block-size=1048576"
    "memorysetup-temp-allocator-size-main=16777216"
    "memorysetup-job-temp-allocator-block-size=2097152"
    "memorysetup-job-temp-allocator-block-size-background=1048576"
    "memorysetup-job-temp-allocator-reduction-small-platforms=262144"
    "memorysetup-allocator-temp-initial-block-size-main=262144"
    "memorysetup-allocator-temp-initial-block-size-worker=262144"
    "memorysetup-temp-allocator-size-background-worker=32768"
    "memorysetup-temp-allocator-size-job-worker=262144"
    "memorysetup-temp-allocator-size-preload-manager=33554432"
    "memorysetup-temp-allocator-size-nav-mesh-worker=65536"
    "memorysetup-temp-allocator-size-audio-worker=65536"
    "memorysetup-temp-allocator-size-cloud-worker=32768"
    "memorysetup-temp-allocator-size-gi-baking-worker=262144"
    "memorysetup-temp-allocator-size-gfx=262144"
Player connection [18580] Host "[IP] 192.168.0.80 [Port] 0 [Flags] 2 [Guid] 2328837337 [EditorId] 2328837337 [Version] 1048832 [Id] WindowsEditor(7,szymon-laptop) [Debug] 1 [PackageName] WindowsEditor [ProjectName] Editor" joined multi-casting on [225.0.0.222:54997]...

Player connection [18580] Host "[IP] 192.168.0.80 [Port] 0 [Flags] 2 [Guid] 2328837337 [EditorId] 2328837337 [Version] 1048832 [Id] WindowsEditor(7,szymon-laptop) [Debug] 1 [PackageName] WindowsEditor [ProjectName] Editor" joined alternative multi-casting on [225.0.0.222:34997]...

[Physics::Module] Initialized MultithreadedJobDispatcher with 19 workers.
Refreshing native plugins compatible for Editor in 9.51 ms, found 4 plugins.
Preloading 0 native plugins for Editor in 0.00 ms.
Initialize engine version: 2022.3.10f1 (ff3792e53c62)
[Subsystems] Discovering subsystems at path C:/Program Files/Unity/Hub/Editor/2022.3.10f1/Editor/Data/Resources/UnitySubsystems
[Subsystems] Discovering subsystems at path C:/Users/szkep/LabUnity/2D Platformer SKepinski/Assets
GfxDevice: creating device client; threaded=0; jobified=0
Direct3D:
    Version:  Direct3D 11.0 [level 11.1]
    Renderer: NVIDIA GeForce RTX 4070 Laptop GPU (ID=0x2820)
    Vendor:   NVIDIA
    VRAM:     7962 MB
    Driver:   31.0.15.3141
Initialize mono
Mono path[0] = 'C:/Program Files/Unity/Hub/Editor/2022.3.10f1/Editor/Data/Managed'
Mono path[1] = 'C:/Program Files/Unity/Hub/Editor/2022.3.10f1/Editor/Data/MonoBleedingEdge/lib/mono/unityjit-win32'
Mono config path = 'C:/Program Files/Unity/Hub/Editor/2022.3.10f1/Editor/Data/MonoBleedingEdge/etc'
Using monoOptions --debugger-agent=transport=dt_socket,embedding=1,server=y,suspend=n,address=127.0.0.1:56168
Begin MonoManager ReloadAssembly
Registering precompiled unity dll's ...
Register platform support module: C:/Program Files/Unity/Hub/Editor/2022.3.10f1/Editor/Data/PlaybackEngines/WebGLSupport/UnityEditor.WebGL.Extensions.dll
Register platform support module: C:/Program Files/Unity/Hub/Editor/2022.3.10f1/Editor/Data/PlaybackEngines/WindowsStandaloneSupport/UnityEditor.WindowsStandalone.Extensions.dll
Registered in 0.006573 seconds.
- Loaded All Assemblies, in  0.311 seconds
Native extension for WindowsStandalone target not found
Native extension for WebGL target not found
Mono: successfully reloaded assembly
- Finished resetting the current domain, in  0.227 seconds
Domain Reload Profiling: 537ms
	BeginReloadAssembly (94ms)
		ExecutionOrderSort (0ms)
		DisableScriptedObjects (0ms)
		BackupInstance (0ms)
		ReleaseScriptingObjects (0ms)
		CreateAndSetChildDomain (1ms)
	RebuildCommonClasses (29ms)
	RebuildNativeTypeToScriptingClass (9ms)
	initialDomainReloadingComplete (50ms)
	LoadAllAssembliesAndSetupDomain (127ms)
		LoadAssemblies (92ms)
		RebuildTransferFunctionScriptingTraits (0ms)
		AnalyzeDomain (125ms)
			TypeCache.Refresh (124ms)
				TypeCache.ScanAssembly (112ms)
			ScanForSourceGeneratedMonoScriptInfo (0ms)
			ResolveRequiredComponents (0ms)
	FinalizeReload (228ms)
		ReleaseScriptCaches (0ms)
		RebuildScriptCaches (0ms)
		SetupLoadedEditorAssemblies (171ms)
			LogAssemblyErrors (0ms)
			InitializePlatformSupportModulesInManaged (8ms)
			SetLoadedEditorAssemblies (5ms)
			RefreshPlugins (0ms)
			BeforeProcessingInitializeOnLoad (2ms)
			ProcessInitializeOnLoadAttributes (115ms)
			ProcessInitializeOnLoadMethodAttributes (41ms)
			AfterProcessingInitializeOnLoad (0ms)
			EditorAssembliesLoaded (0ms)
		ExecutionOrderSort2 (0ms)
		AwakeInstancesAfterBackupRestoration (0ms)
========================================================================
Worker process is ready to serve import requests
Begin MonoManager ReloadAssembly
- Loaded All Assemblies, in  0.481 seconds
Refreshing native plugins compatible for Editor in 2.28 ms, found 4 plugins.
Native extension for WindowsStandalone target not found
Native extension for WebGL target not found
Package Manager log level set to [2]
[Package Manager] Server::EnsureServerProcessIsRunning -- launch failed, reason: Unity was launched with the -noUpm command-line argument
[Package Manager] UpmClient::Send -- Unable to send message (not connected to UPM process).
[Package Manager] Cannot connect to Unity Package Manager local server
Mono: successfully reloaded assembly
- Finished resetting the current domain, in  0.476 seconds
Domain Reload Profiling: 955ms
	BeginReloadAssembly (99ms)
		ExecutionOrderSort (0ms)
		DisableScriptedObjects (3ms)
		BackupInstance (0ms)
		ReleaseScriptingObjects (0ms)
		CreateAndSetChildDomain (14ms)
	RebuildCommonClasses (23ms)
	RebuildNativeTypeToScriptingClass (7ms)
	initialDomainReloadingComplete (29ms)
	LoadAllAssembliesAndSetupDomain (320ms)
		LoadAssemblies (232ms)
		RebuildTransferFunctionScriptingTraits (0ms)
		AnalyzeDomain (145ms)
			TypeCache.Refresh (120ms)
				TypeCache.ScanAssembly (108ms)
			ScanForSourceGeneratedMonoScriptInfo (18ms)
			ResolveRequiredComponents (7ms)
	FinalizeReload (477ms)
		ReleaseScriptCaches (0ms)
		RebuildScriptCaches (0ms)
		SetupLoadedEditorAssemblies (361ms)
			LogAssemblyErrors (0ms)
			InitializePlatformSupportModulesInManaged (5ms)
			SetLoadedEditorAssemblies (4ms)
			RefreshPlugins (0ms)
			BeforeProcessingInitializeOnLoad (57ms)
			ProcessInitializeOnLoadAttributes (237ms)
			ProcessInitializeOnLoadMethodAttributes (55ms)
			AfterProcessingInitializeOnLoad (3ms)
			EditorAssembliesLoaded (0ms)
		ExecutionOrderSort2 (0ms)
		AwakeInstancesAfterBackupRestoration (5ms)
Launched and connected shader compiler UnityShaderCompiler.exe after 0.03 seconds
Refreshing native plugins compatible for Editor in 2.80 ms, found 4 plugins.
Preloading 0 native plugins for Editor in 0.00 ms.
Unloading 5633 Unused Serialized files (Serialized files now loaded: 0)
Unloading 99 unused Assets / (0.9 MB). Loaded Objects now: 6078.
Memory consumption went from 212.1 MB to 211.2 MB.
Total: 4.357000 ms (FindLiveObjects: 0.503200 ms CreateObjectMapping: 0.167100 ms MarkObjects: 3.307200 ms  DeleteObjects: 0.378300 ms)

AssetImportParameters requested are different than current active one (requested -> active):
  custom:container-demuxer-ogg: 62fdf1f143b41e24485cea50d1cbac27 -> 
  custom:video-codec-MediaFoundation-h265: 746d11721c4dcdbdad8f713fa42b33f4 -> 
  custom:video-decoder-ogg-theora: a1e56fd34408186e4bbccfd4996cb3dc -> 
  custom:framework-win-MediaFoundation: 216162199b28c13a410421893ffa2e32 -> 
  custom:CustomObjectIndexerAttribute: a3ef5dd2817f97addfee359851a9dba5 -> 
  custom:container-demuxer-webm: 4f35f7cbe854078d1ac9338744f61a02 -> 
  custom:container-muxer-webm: aa71ff27fc2769a1b78a27578f13a17b -> 
  custom:video-decoder-webm-vp8: 9c59270c3fd7afecdb556c50c9e8de78 -> 
  custom:SearchIndexIgnoredProperties: e643bd26f0fe6173181afceb89e7c659 -> 
  custom:AudioImporter_EditorPlatform: d09bf68614088b80899f8185d706f6e7 -> 
  custom:video-encoder-webm-vp8: eb34c28f22e8b96e1ab97ce403110664 -> 
  custom:audio-decoder-ogg-vorbis: bf7c407c2cedff20999df2af8eb42d56 -> 
  custom:audio-encoder-webm-vorbis: bf7c407c2cedff20999df2af8eb42d56 -> 
========================================================================
Received Import Request.
  Time since last request: 10460.955816 seconds.
  path: Assets/SunnyLand Artwork/Environment/Tileset/tileset-sliced_87.asset
  artifactKey: Guid(4859dbb994e2e7a48a617ec057901e6d) Importer(815301076,1909f56bfc062723c751e8b465ee728b)
Start importing Assets/SunnyLand Artwork/Environment/Tileset/tileset-sliced_87.asset using Guid(4859dbb994e2e7a48a617ec057901e6d) Importer(815301076,1909f56bfc062723c751e8b465ee728b)  -> (artifact id: 'b84360493f76b89f4ec0595cc6e6bb01') in 0.079059 seconds
Number of updated asset objects reloaded before import = 0
Number of asset objects unloaded after import = 3
========================================================================
Received Import Request.
  Time since last request: 0.000020 seconds.
  path: Assets/SunnyLand Artwork/Environment/Tileset/tileset-sliced_98.asset
  artifactKey: Guid(4857ecee0f7f0ad4eac1bc3b74e07a97) Importer(815301076,1909f56bfc062723c751e8b465ee728b)
Start importing Assets/SunnyLand Artwork/Environment/Tileset/tileset-sliced_98.asset using Guid(4857ecee0f7f0ad4eac1bc3b74e07a97) Importer(815301076,1909f56bfc062723c751e8b465ee728b)  -> (artifact id: '3e0966892a1bd1540c7e4c4c8335323c') in 0.011891 seconds
Number of updated asset objects reloaded before import = 0
Number of asset objects unloaded after import = 3
========================================================================
Received Import Request.
  Time since last request: 0.000018 seconds.
  path: Assets/SunnyLand Artwork/Environment/Tileset/tileset-sliced_100.asset
  artifactKey: Guid(872081b14e7089c4c8aa4ca2ff04d870) Importer(815301076,1909f56bfc062723c751e8b465ee728b)
Start importing Assets/SunnyLand Artwork/Environment/Tileset/tileset-sliced_100.asset using Guid(872081b14e7089c4c8aa4ca2ff04d870) Importer(815301076,1909f56bfc062723c751e8b465ee728b)  -> (artifact id: '97e181943b64fa9ab407645c2dbd974e') in 0.005124 seconds
Number of updated asset objects reloaded before import = 0
Number of asset objects unloaded after import = 3
========================================================================
Received Import Request.
  Time since last request: 0.000013 seconds.
  path: Assets/SunnyLand Artwork/Environment/Tileset/tileset-sliced_93.asset
  artifactKey: Guid(d08547a94b2615b4b838b4c4295940f8) Importer(815301076,1909f56bfc062723c751e8b465ee728b)
Start importing Assets/SunnyLand Artwork/Environment/Tileset/tileset-sliced_93.asset using Guid(d08547a94b2615b4b838b4c4295940f8) Importer(815301076,1909f56bfc062723c751e8b465ee728b)  -> (artifact id: '7e87f7605cbe14c61225241cd6e1c4ef') in 0.013034 seconds
Number of updated asset objects reloaded before import = 0
Number of asset objects unloaded after import = 3
========================================================================
Received Import Request.
  Time since last request: 0.591557 seconds.
  path: Assets/SunnyLand Artwork/Environment/Tileset/tileset-sliced_109.asset
  artifactKey: Guid(88ebfe9a21771ba4abbdad7e0e8cde1f) Importer(815301076,1909f56bfc062723c751e8b465ee728b)
Start importing Assets/SunnyLand Artwork/Environment/Tileset/tileset-sliced_109.asset using Guid(88ebfe9a21771ba4abbdad7e0e8cde1f) Importer(815301076,1909f56bfc062723c751e8b465ee728b)  -> (artifact id: '085578f07a3ef12054d8e87403600c5f') in 0.005784 seconds
Number of updated asset objects reloaded before import = 0
Number of asset objects unloaded after import = 3
========================================================================
Received Import Request.
  Time since last request: 0.000016 seconds.
  path: Assets/SunnyLand Artwork/Environment/Tileset/tileset-sliced_122.asset
  artifactKey: Guid(d196c04e921d9b74091edb8436f7e9ec) Importer(815301076,1909f56bfc062723c751e8b465ee728b)
Start importing Assets/SunnyLand Artwork/Environment/Tileset/tileset-sliced_122.asset using Guid(d196c04e921d9b74091edb8436f7e9ec) Importer(815301076,1909f56bfc062723c751e8b465ee728b)  -> (artifact id: '4377bed9a9aaab22e7fd2a4f3c0cb32c') in 0.018840 seconds
Number of updated asset objects reloaded before import = 0
Number of asset objects unloaded after import = 3
========================================================================
Received Import Request.
  Time since last request: 0.000016 seconds.
  path: Assets/SunnyLand Artwork/Environment/Tileset/tileset-sliced_114.asset
  artifactKey: Guid(6618f48f6179dd44fa6025c6a5c33e18) Importer(815301076,1909f56bfc062723c751e8b465ee728b)
Start importing Assets/SunnyLand Artwork/Environment/Tileset/tileset-sliced_114.asset using Guid(6618f48f6179dd44fa6025c6a5c33e18) Importer(815301076,1909f56bfc062723c751e8b465ee728b)  -> (artifact id: '007254a75835b4fbde056b9ca5ccd663') in 0.015751 seconds
Number of updated asset objects reloaded before import = 0
Number of asset objects unloaded after import = 3
========================================================================
Received Import Request.
  Time since last request: 0.000013 seconds.
  path: Assets/SunnyLand Artwork/Environment/Tileset/tileset-sliced_118.asset
  artifactKey: Guid(961a3dc3220ba2144b5f2972da84bd8c) Importer(815301076,1909f56bfc062723c751e8b465ee728b)
Start importing Assets/SunnyLand Artwork/Environment/Tileset/tileset-sliced_118.asset using Guid(961a3dc3220ba2144b5f2972da84bd8c) Importer(815301076,1909f56bfc062723c751e8b465ee728b)  -> (artifact id: '39910686d0edd545b9491f22defad703') in 0.013086 seconds
Number of updated asset objects reloaded before import = 0
Number of asset objects unloaded after import = 3
========================================================================
Received Import Request.
  Time since last request: 0.635978 seconds.
  path: Assets/SunnyLand Artwork/Environment/Tileset/tileset_3.asset
  artifactKey: Guid(0d72a7d21a399ee4f84b694bfa627ee9) Importer(815301076,1909f56bfc062723c751e8b465ee728b)
Start importing Assets/SunnyLand Artwork/Environment/Tileset/tileset_3.asset using Guid(0d72a7d21a399ee4f84b694bfa627ee9) Importer(815301076,1909f56bfc062723c751e8b465ee728b)  -> (artifact id: 'c9b5bf935f6e72d946dc2d1b7e39bafd') in 0.002191 seconds
Number of updated asset objects reloaded before import = 0
Number of asset objects unloaded after import = 1
========================================================================
Received Import Request.
  Time since last request: 0.000049 seconds.
  path: Assets/SunnyLand Artwork/Environment/Tileset/tileset_22.asset
  artifactKey: Guid(06550fa9002237d4fb02c42e0120fdd4) Importer(815301076,1909f56bfc062723c751e8b465ee728b)
Start importing Assets/SunnyLand Artwork/Environment/Tileset/tileset_22.asset using Guid(06550fa9002237d4fb02c42e0120fdd4) Importer(815301076,1909f56bfc062723c751e8b465ee728b)  -> (artifact id: '0eee1c1a79d81cc0a2dfc89fd273d1a7') in 0.001702 seconds
Number of updated asset objects reloaded before import = 0
Number of asset objects unloaded after import = 1
========================================================================
Received Import Request.
  Time since last request: 0.000010 seconds.
  path: Assets/SunnyLand Artwork/Environment/Tileset/tileset_21.asset
  artifactKey: Guid(fa20d57f048cfc84b96cab450a27d430) Importer(815301076,1909f56bfc062723c751e8b465ee728b)
Start importing Assets/SunnyLand Artwork/Environment/Tileset/tileset_21.asset using Guid(fa20d57f048cfc84b96cab450a27d430) Importer(815301076,1909f56bfc062723c751e8b465ee728b)  -> (artifact id: '1d6d61438ca7bff8a8410127eeec05b5') in 0.002052 seconds
Number of updated asset objects reloaded before import = 0
Number of asset objects unloaded after import = 1
========================================================================
Received Import Request.
  Time since last request: 0.000298 seconds.
  path: Assets/SunnyLand Artwork/Environment/Tileset/tileset_17.asset
  artifactKey: Guid(a2568989b96eff441b8422bbda965781) Importer(815301076,1909f56bfc062723c751e8b465ee728b)
Start importing Assets/SunnyLand Artwork/Environment/Tileset/tileset_17.asset using Guid(a2568989b96eff441b8422bbda965781) Importer(815301076,1909f56bfc062723c751e8b465ee728b)  -> (artifact id: '2cd7c9138432a4c41058a752eb5162b0') in 0.002591 seconds
Number of updated asset objects reloaded before import = 0
Number of asset objects unloaded after import = 1
========================================================================
Received Import Request.
  Time since last request: 0.000010 seconds.
  path: Assets/SunnyLand Artwork/Environment/Tileset/tileset_8.asset
  artifactKey: Guid(3907c14ddda71e647ae330c678f02cb0) Importer(815301076,1909f56bfc062723c751e8b465ee728b)
Start importing Assets/SunnyLand Artwork/Environment/Tileset/tileset_8.asset using Guid(3907c14ddda71e647ae330c678f02cb0) Importer(815301076,1909f56bfc062723c751e8b465ee728b)  -> (artifact id: '9076ad1d144801dc33de3077f4a4daed') in 0.002678 seconds
Number of updated asset objects reloaded before import = 0
Number of asset objects unloaded after import = 1
========================================================================
Received Import Request.
  Time since last request: 0.692506 seconds.
  path: Assets/SunnyLand Artwork/Environment/Tileset/tileset_25.asset
  artifactKey: Guid(8f0304d5b1bac104fb0f7fc300e676f0) Importer(815301076,1909f56bfc062723c751e8b465ee728b)
Start importing Assets/SunnyLand Artwork/Environment/Tileset/tileset_25.asset using Guid(8f0304d5b1bac104fb0f7fc300e676f0) Importer(815301076,1909f56bfc062723c751e8b465ee728b)  -> (artifact id: '75e7f5c679f14bfe1c32b193a2179e1f') in 0.002376 seconds
Number of updated asset objects reloaded before import = 0
Number of asset objects unloaded after import = 1
========================================================================
Received Import Request.
  Time since last request: 0.000367 seconds.
  path: Assets/SunnyLand Artwork/Environment/Tileset/tileset_38.asset
  artifactKey: Guid(0ed87fb31162c124395a6e5eacb79b4c) Importer(815301076,1909f56bfc062723c751e8b465ee728b)
Start importing Assets/SunnyLand Artwork/Environment/Tileset/tileset_38.asset using Guid(0ed87fb31162c124395a6e5eacb79b4c) Importer(815301076,1909f56bfc062723c751e8b465ee728b)  -> (artifact id: 'e799550aa9ee14272c4d083755eba40e') in 0.002754 seconds
Number of updated asset objects reloaded before import = 0
Number of asset objects unloaded after import = 1
========================================================================
Received Import Request.
  Time since last request: 0.000017 seconds.
  path: Assets/SunnyLand Artwork/Environment/Tileset/tileset_46.asset
  artifactKey: Guid(94bd5b363442390419fc3344d54f7217) Importer(815301076,1909f56bfc062723c751e8b465ee728b)
Start importing Assets/SunnyLand Artwork/Environment/Tileset/tileset_46.asset using Guid(94bd5b363442390419fc3344d54f7217) Importer(815301076,1909f56bfc062723c751e8b465ee728b)  -> (artifact id: 'f8b02672fd3aed175090a43dcb190a35') in 0.001762 seconds
Number of updated asset objects reloaded before import = 0
Number of asset objects unloaded after import = 1
========================================================================
Received Import Request.
  Time since last request: 0.000064 seconds.
  path: Assets/SunnyLand Artwork/Environment/Tileset/tileset_41.asset
  artifactKey: Guid(aecb98b36dca4ae499576b2132b7c582) Importer(815301076,1909f56bfc062723c751e8b465ee728b)
Start importing Assets/SunnyLand Artwork/Environment/Tileset/tileset_41.asset using Guid(aecb98b36dca4ae499576b2132b7c582) Importer(815301076,1909f56bfc062723c751e8b465ee728b)  -> (artifact id: '7bf186fc613dc3a53b0593c937f27882') in 0.001726 seconds
Number of updated asset objects reloaded before import = 0
Number of asset objects unloaded after import = 1
========================================================================
Received Import Request.
  Time since last request: 0.682223 seconds.
  path: Assets/SunnyLand Artwork/Environment/Tileset/tileset_47.asset
  artifactKey: Guid(fc744ad5005f20440aeda23e31f9cddb) Importer(815301076,1909f56bfc062723c751e8b465ee728b)
Start importing Assets/SunnyLand Artwork/Environment/Tileset/tileset_47.asset using Guid(fc744ad5005f20440aeda23e31f9cddb) Importer(815301076,1909f56bfc062723c751e8b465ee728b)  -> (artifact id: 'd02d0db888f63beebee5ead9d9738695') in 0.002996 seconds
Number of updated asset objects reloaded before import = 0
Number of asset objects unloaded after import = 1
========================================================================
Received Import Request.
  Time since last request: 0.000016 seconds.
  path: Assets/SunnyLand Artwork/Environment/Tileset/tileset_55.asset
  artifactKey: Guid(2f46a677f1d64fc4e915ba1df3bb3a49) Importer(815301076,1909f56bfc062723c751e8b465ee728b)
Start importing Assets/SunnyLand Artwork/Environment/Tileset/tileset_55.asset using Guid(2f46a677f1d64fc4e915ba1df3bb3a49) Importer(815301076,1909f56bfc062723c751e8b465ee728b)  -> (artifact id: 'abdf5559d9bb37d31e23059933e76e6c') in 0.002921 seconds
Number of updated asset objects reloaded before import = 0
Number of asset objects unloaded after import = 1
========================================================================
Received Import Request.
  Time since last request: 0.000115 seconds.
  path: Assets/SunnyLand Artwork/Environment/Tileset/tileset_52.asset
  artifactKey: Guid(5b9de54899ddea14087a85daa5aad47b) Importer(815301076,1909f56bfc062723c751e8b465ee728b)
Start importing Assets/SunnyLand Artwork/Environment/Tileset/tileset_52.asset using Guid(5b9de54899ddea14087a85daa5aad47b) Importer(815301076,1909f56bfc062723c751e8b465ee728b)  -> (artifact id: '05bc3a1756c5e2a0d0e17701bae4ce1f') in 0.001798 seconds
Number of updated asset objects reloaded before import = 0
Number of asset objects unloaded after import = 1
========================================================================
Received Import Request.
  Time since last request: 0.000131 seconds.
  path: Assets/SunnyLand Artwork/Environment/Tileset/tileset_53.asset
  artifactKey: Guid(ed45b8ceebf0fc942bd1e9ea5db66c5f) Importer(815301076,1909f56bfc062723c751e8b465ee728b)
Start importing Assets/SunnyLand Artwork/Environment/Tileset/tileset_53.asset using Guid(ed45b8ceebf0fc942bd1e9ea5db66c5f) Importer(815301076,1909f56bfc062723c751e8b465ee728b)  -> (artifact id: 'ea2078b7457fc95d4f1c422cd84ddd46') in 0.002438 seconds
Number of updated asset objects reloaded before import = 0
Number of asset objects unloaded after import = 1
========================================================================
Received Import Request.
  Time since last request: 0.693511 seconds.
  path: Assets/SunnyLand Artwork/Environment/Tileset/tileset_69.asset
  artifactKey: Guid(b3a355028c924014d974ba485913eaa5) Importer(815301076,1909f56bfc062723c751e8b465ee728b)
Start importing Assets/SunnyLand Artwork/Environment/Tileset/tileset_69.asset using Guid(b3a355028c924014d974ba485913eaa5) Importer(815301076,1909f56bfc062723c751e8b465ee728b)  -> (artifact id: 'aa42d65f9a068e2e2cc42c7a4362980f') in 0.002534 seconds
Number of updated asset objects reloaded before import = 0
Number of asset objects unloaded after import = 1
========================================================================
Received Import Request.
  Time since last request: 0.000010 seconds.
  path: Assets/SunnyLand Artwork/Environment/Tileset/tileset_90.asset
  artifactKey: Guid(f0ccdc490c834994abc5787ab448fefc) Importer(815301076,1909f56bfc062723c751e8b465ee728b)
Start importing Assets/SunnyLand Artwork/Environment/Tileset/tileset_90.asset using Guid(f0ccdc490c834994abc5787ab448fefc) Importer(815301076,1909f56bfc062723c751e8b465ee728b)  -> (artifact id: '2995e894d246adb5e7fe8a6d77530f74') in 0.001757 seconds
Number of updated asset objects reloaded before import = 0
Number of asset objects unloaded after import = 1
========================================================================
Received Import Request.
  Time since last request: 0.000232 seconds.
  path: Assets/SunnyLand Artwork/Environment/Tileset/tileset_74.asset
  artifactKey: Guid(4f4069c0ffc7b094693aa23267b44e26) Importer(815301076,1909f56bfc062723c751e8b465ee728b)
Start importing Assets/SunnyLand Artwork/Environment/Tileset/tileset_74.asset using Guid(4f4069c0ffc7b094693aa23267b44e26) Importer(815301076,1909f56bfc062723c751e8b465ee728b)  -> (artifact id: '429834da95d1163772fde432d3dd57f8') in 0.001636 seconds
Number of updated asset objects reloaded before import = 0
Number of asset objects unloaded after import = 1
========================================================================
Received Import Request.
  Time since last request: 0.000027 seconds.
  path: Assets/SunnyLand Artwork/Environment/Tileset/tileset_77.asset
  artifactKey: Guid(7b6ad42f15111f74d9c51351a96a51e9) Importer(815301076,1909f56bfc062723c751e8b465ee728b)
Start importing Assets/SunnyLand Artwork/Environment/Tileset/tileset_77.asset using Guid(7b6ad42f15111f74d9c51351a96a51e9) Importer(815301076,1909f56bfc062723c751e8b465ee728b)  -> (artifact id: '92b2e68a6038cf0761aada715a56ca9c') in 0.001791 seconds
Number of updated asset objects reloaded before import = 0
Number of asset objects unloaded after import = 1
========================================================================
Received Import Request.
  Time since last request: 0.000025 seconds.
  path: Assets/SunnyLand Artwork/Environment/Tileset/tileset_82.asset
  artifactKey: Guid(354225da264eef14d925b1a9fb542bb7) Importer(815301076,1909f56bfc062723c751e8b465ee728b)
Start importing Assets/SunnyLand Artwork/Environment/Tileset/tileset_82.asset using Guid(354225da264eef14d925b1a9fb542bb7) Importer(815301076,1909f56bfc062723c751e8b465ee728b)  -> (artifact id: '00bc81fed2321aa800b0e94bc3869d09') in 0.001979 seconds
Number of updated asset objects reloaded before import = 0
Number of asset objects unloaded after import = 1
========================================================================
Received Import Request.
  Time since last request: 0.690706 seconds.
  path: Assets/SunnyLand Artwork/Environment/Tileset/tileset_91.asset
  artifactKey: Guid(ebf0b491da991984dbf538df4e095120) Importer(815301076,1909f56bfc062723c751e8b465ee728b)
Start importing Assets/SunnyLand Artwork/Environment/Tileset/tileset_91.asset using Guid(ebf0b491da991984dbf538df4e095120) Importer(815301076,1909f56bfc062723c751e8b465ee728b)  -> (artifact id: '0c753213b9d70423fafe5b4af8e08e97') in 0.002959 seconds
Number of updated asset objects reloaded before import = 0
Number of asset objects unloaded after import = 1
========================================================================
Received Import Request.
  Time since last request: 0.000025 seconds.
  path: Assets/SunnyLand Artwork/Environment/Tileset/tileset_108.asset
  artifactKey: Guid(83c6f2019a1ef7b4ba40291bfc2edfb1) Importer(815301076,1909f56bfc062723c751e8b465ee728b)
Start importing Assets/SunnyLand Artwork/Environment/Tileset/tileset_108.asset using Guid(83c6f2019a1ef7b4ba40291bfc2edfb1) Importer(815301076,1909f56bfc062723c751e8b465ee728b)  -> (artifact id: '93afeb659b0fc189cfe8ca4c5a5f5cd7') in 0.002329 seconds
Number of updated asset objects reloaded before import = 0
Number of asset objects unloaded after import = 1
========================================================================
Received Import Request.
  Time since last request: 0.000035 seconds.
  path: Assets/SunnyLand Artwork/Environment/Tileset/tileset_105.asset
  artifactKey: Guid(098d0712ca343bc459966e993bb18798) Importer(815301076,1909f56bfc062723c751e8b465ee728b)
Start importing Assets/SunnyLand Artwork/Environment/Tileset/tileset_105.asset using Guid(098d0712ca343bc459966e993bb18798) Importer(815301076,1909f56bfc062723c751e8b465ee728b)  -> (artifact id: 'fc53e3ac3e1ddc7fd17af944f352eb6a') in 0.001784 seconds
Number of updated asset objects reloaded before import = 0
Number of asset objects unloaded after import = 1
========================================================================
Received Import Request.
  Time since last request: 0.000010 seconds.
  path: Assets/SunnyLand Artwork/Environment/Tileset/tileset_99.asset
  artifactKey: Guid(e3535a2d30549e646ab7251de9b75578) Importer(815301076,1909f56bfc062723c751e8b465ee728b)
Start importing Assets/SunnyLand Artwork/Environment/Tileset/tileset_99.asset using Guid(e3535a2d30549e646ab7251de9b75578) Importer(815301076,1909f56bfc062723c751e8b465ee728b)  -> (artifact id: 'eb8fd4f5c4370d4143c8abf606ed2292') in 0.002711 seconds
Number of updated asset objects reloaded before import = 0
Number of asset objects unloaded after import = 1
========================================================================
Received Import Request.
  Time since last request: 0.000150 seconds.
  path: Assets/SunnyLand Artwork/Environment/Tileset/tileset_106.asset
  artifactKey: Guid(feb7c546d2a4abd4c93f3236a91dbc84) Importer(815301076,1909f56bfc062723c751e8b465ee728b)
Start importing Assets/SunnyLand Artwork/Environment/Tileset/tileset_106.asset using Guid(feb7c546d2a4abd4c93f3236a91dbc84) Importer(815301076,1909f56bfc062723c751e8b465ee728b)  -> (artifact id: 'db8640f3d81e497320b45bf43704d098') in 0.001605 seconds
Number of updated asset objects reloaded before import = 0
Number of asset objects unloaded after import = 1
========================================================================
Received Import Request.
  Time since last request: 0.669277 seconds.
  path: Assets/SunnyLand Artwork/Environment/Tileset/tileset_113.asset
  artifactKey: Guid(34bd81e1cbb5de34eb0b925a30d83cbe) Importer(815301076,1909f56bfc062723c751e8b465ee728b)
Start importing Assets/SunnyLand Artwork/Environment/Tileset/tileset_113.asset using Guid(34bd81e1cbb5de34eb0b925a30d83cbe) Importer(815301076,1909f56bfc062723c751e8b465ee728b)  -> (artifact id: 'b3b70564ad1d63c5d021c2980a729908') in 0.002311 seconds
Number of updated asset objects reloaded before import = 0
Number of asset objects unloaded after import = 1
========================================================================
Received Import Request.
  Time since last request: 0.000182 seconds.
  path: Assets/SunnyLand Artwork/Environment/Tileset/tileset_119.asset
  artifactKey: Guid(a5975cd7a255fa540b66d4bdf459a9f5) Importer(815301076,1909f56bfc062723c751e8b465ee728b)
Start importing Assets/SunnyLand Artwork/Environment/Tileset/tileset_119.asset using Guid(a5975cd7a255fa540b66d4bdf459a9f5) Importer(815301076,1909f56bfc062723c751e8b465ee728b)  -> (artifact id: '2228c805241c2a681a0313fc8bcd71a1') in 0.002052 seconds
Number of updated asset objects reloaded before import = 0
Number of asset objects unloaded after import = 1
========================================================================
Received Import Request.
  Time since last request: 0.000046 seconds.
  path: Assets/SunnyLand Artwork/Environment/Tileset/tileset_124.asset
  artifactKey: Guid(e17272bd9e9435b49ac24d7204412e2e) Importer(815301076,1909f56bfc062723c751e8b465ee728b)
Start importing Assets/SunnyLand Artwork/Environment/Tileset/tileset_124.asset using Guid(e17272bd9e9435b49ac24d7204412e2e) Importer(815301076,1909f56bfc062723c751e8b465ee728b)  -> (artifact id: '518a8608914da42a1026a0071e6953b9') in 0.002602 seconds
Number of updated asset objects reloaded before import = 0
Number of asset objects unloaded after import = 1
Editor requested this worker to shutdown with reason: Scaling down because of idle timeout
TcpMessagingSession - receive error: operation aborted. errorcode: 995, details: The I/O operation has been aborted because of either a thread exit or an application request.
AssetImportWorker is now disconnected from the server
Process exiting
Exiting without the bug reporter. Application will terminate with return code 0