Using pre-set license
Built from '2022.3/staging' branch; Version is '2022.3.10f1 (ff3792e53c62) revision 16725906'; Using compiler version '192829333'; Build Type 'Release'
OS: 'Windows 11  (10.0.22621) 64bit Core' Language: 'en' Physical Memory: 32456 MB
BatchMode: 1, IsHumanControllingUs: 0, StartBugReporterOnCrash: 0, Is64bit: 1, IsPro: 1

COMMAND LINE ARGUMENTS:
C:\Program Files\Unity\Hub\Editor\2022.3.10f1\Editor\Unity.exe
-adb2
-batchMode
-noUpm
-name
AssetImportWorker8
-projectPath
C:/Users/szkep/LabUnity/2D Platformer SKepinski
-logFile
Logs/AssetImportWorker8.log
-srvPort
55461
Successfully changed project path to: C:/Users/szkep/LabUnity/2D Platformer SKepinski
C:/Users/szkep/LabUnity/2D Platformer SKepinski
[UnityMemory] Configuration Parameters - Can be set up in boot.config
    "memorysetup-bucket-allocator-granularity=16"
    "memorysetup-bucket-allocator-bucket-count=8"
    "memorysetup-bucket-allocator-block-size=33554432"
    "memorysetup-bucket-allocator-block-count=8"
    "memorysetup-main-allocator-block-size=16777216"
    "memorysetup-thread-allocator-block-size=16777216"
    "memorysetup-gfx-main-allocator-block-size=16777216"
    "memorysetup-gfx-thread-allocator-block-size=16777216"
    "memorysetup-cache-allocator-block-size=4194304"
    "memorysetup-typetree-allocator-block-size=2097152"
    "memorysetup-profiler-bucket-allocator-granularity=16"
    "memorysetup-profiler-bucket-allocator-bucket-count=8"
    "memorysetup-profiler-bucket-allocator-block-size=33554432"
    "memorysetup-profiler-bucket-allocator-block-count=8"
    "memorysetup-profiler-allocator-block-size=16777216"
    "memorysetup-profiler-editor-allocator-block-size=1048576"
    "memorysetup-temp-allocator-size-main=16777216"
    "memorysetup-job-temp-allocator-block-size=2097152"
    "memorysetup-job-temp-allocator-block-size-background=1048576"
    "memorysetup-job-temp-allocator-reduction-small-platforms=262144"
    "memorysetup-allocator-temp-initial-block-size-main=262144"
    "memorysetup-allocator-temp-initial-block-size-worker=262144"
    "memorysetup-temp-allocator-size-background-worker=32768"
    "memorysetup-temp-allocator-size-job-worker=262144"
    "memorysetup-temp-allocator-size-preload-manager=33554432"
    "memorysetup-temp-allocator-size-nav-mesh-worker=65536"
    "memorysetup-temp-allocator-size-audio-worker=65536"
    "memorysetup-temp-allocator-size-cloud-worker=32768"
    "memorysetup-temp-allocator-size-gi-baking-worker=262144"
    "memorysetup-temp-allocator-size-gfx=262144"
Player connection [25428] Host "[IP] 192.168.0.80 [Port] 0 [Flags] 2 [Guid] 1065464384 [EditorId] 1065464384 [Version] 1048832 [Id] WindowsEditor(7,szymon-laptop) [Debug] 1 [PackageName] WindowsEditor [ProjectName] Editor" joined multi-casting on [225.0.0.222:54997]...

Player connection [25428] Host "[IP] 192.168.0.80 [Port] 0 [Flags] 2 [Guid] 1065464384 [EditorId] 1065464384 [Version] 1048832 [Id] WindowsEditor(7,szymon-laptop) [Debug] 1 [PackageName] WindowsEditor [ProjectName] Editor" joined alternative multi-casting on [225.0.0.222:34997]...

[Physics::Module] Initialized MultithreadedJobDispatcher with 19 workers.
Refreshing native plugins compatible for Editor in 6.21 ms, found 4 plugins.
Preloading 0 native plugins for Editor in 0.00 ms.
Initialize engine version: 2022.3.10f1 (ff3792e53c62)
[Subsystems] Discovering subsystems at path C:/Program Files/Unity/Hub/Editor/2022.3.10f1/Editor/Data/Resources/UnitySubsystems
[Subsystems] Discovering subsystems at path C:/Users/szkep/LabUnity/2D Platformer SKepinski/Assets
GfxDevice: creating device client; threaded=0; jobified=0
Direct3D:
    Version:  Direct3D 11.0 [level 11.1]
    Renderer: NVIDIA GeForce RTX 4070 Laptop GPU (ID=0x2820)
    Vendor:   NVIDIA
    VRAM:     7962 MB
    Driver:   31.0.15.3141
Initialize mono
Mono path[0] = 'C:/Program Files/Unity/Hub/Editor/2022.3.10f1/Editor/Data/Managed'
Mono path[1] = 'C:/Program Files/Unity/Hub/Editor/2022.3.10f1/Editor/Data/MonoBleedingEdge/lib/mono/unityjit-win32'
Mono config path = 'C:/Program Files/Unity/Hub/Editor/2022.3.10f1/Editor/Data/MonoBleedingEdge/etc'
Using monoOptions --debugger-agent=transport=dt_socket,embedding=1,server=y,suspend=n,address=127.0.0.1:56876
Begin MonoManager ReloadAssembly
Registering precompiled unity dll's ...
Register platform support module: C:/Program Files/Unity/Hub/Editor/2022.3.10f1/Editor/Data/PlaybackEngines/WebGLSupport/UnityEditor.WebGL.Extensions.dll
Register platform support module: C:/Program Files/Unity/Hub/Editor/2022.3.10f1/Editor/Data/PlaybackEngines/WindowsStandaloneSupport/UnityEditor.WindowsStandalone.Extensions.dll
Registered in 0.003777 seconds.
- Loaded All Assemblies, in  0.225 seconds
Native extension for WindowsStandalone target not found
Native extension for WebGL target not found
Mono: successfully reloaded assembly
- Finished resetting the current domain, in  0.167 seconds
Domain Reload Profiling: 392ms
	BeginReloadAssembly (68ms)
		ExecutionOrderSort (0ms)
		DisableScriptedObjects (0ms)
		BackupInstance (0ms)
		ReleaseScriptingObjects (0ms)
		CreateAndSetChildDomain (0ms)
	RebuildCommonClasses (21ms)
	RebuildNativeTypeToScriptingClass (7ms)
	initialDomainReloadingComplete (36ms)
	LoadAllAssembliesAndSetupDomain (92ms)
		LoadAssemblies (67ms)
		RebuildTransferFunctionScriptingTraits (0ms)
		AnalyzeDomain (90ms)
			TypeCache.Refresh (89ms)
				TypeCache.ScanAssembly (80ms)
			ScanForSourceGeneratedMonoScriptInfo (0ms)
			ResolveRequiredComponents (0ms)
	FinalizeReload (168ms)
		ReleaseScriptCaches (0ms)
		RebuildScriptCaches (0ms)
		SetupLoadedEditorAssemblies (129ms)
			LogAssemblyErrors (0ms)
			InitializePlatformSupportModulesInManaged (7ms)
			SetLoadedEditorAssemblies (4ms)
			RefreshPlugins (0ms)
			BeforeProcessingInitializeOnLoad (2ms)
			ProcessInitializeOnLoadAttributes (85ms)
			ProcessInitializeOnLoadMethodAttributes (31ms)
			AfterProcessingInitializeOnLoad (0ms)
			EditorAssembliesLoaded (0ms)
		ExecutionOrderSort2 (0ms)
		AwakeInstancesAfterBackupRestoration (0ms)
========================================================================
Worker process is ready to serve import requests
Begin MonoManager ReloadAssembly
- Loaded All Assemblies, in  0.457 seconds
Refreshing native plugins compatible for Editor in 2.19 ms, found 4 plugins.
Native extension for WindowsStandalone target not found
Native extension for WebGL target not found
Package Manager log level set to [2]
[Package Manager] Server::EnsureServerProcessIsRunning -- launch failed, reason: Unity was launched with the -noUpm command-line argument
[Package Manager] UpmClient::Send -- Unable to send message (not connected to UPM process).
[Package Manager] Cannot connect to Unity Package Manager local server
Mono: successfully reloaded assembly
- Finished resetting the current domain, in  0.469 seconds
Domain Reload Profiling: 924ms
	BeginReloadAssembly (100ms)
		ExecutionOrderSort (0ms)
		DisableScriptedObjects (4ms)
		BackupInstance (0ms)
		ReleaseScriptingObjects (0ms)
		CreateAndSetChildDomain (14ms)
	RebuildCommonClasses (23ms)
	RebuildNativeTypeToScriptingClass (7ms)
	initialDomainReloadingComplete (28ms)
	LoadAllAssembliesAndSetupDomain (296ms)
		LoadAssemblies (211ms)
		RebuildTransferFunctionScriptingTraits (0ms)
		AnalyzeDomain (143ms)
			TypeCache.Refresh (117ms)
				TypeCache.ScanAssembly (106ms)
			ScanForSourceGeneratedMonoScriptInfo (18ms)
			ResolveRequiredComponents (7ms)
	FinalizeReload (470ms)
		ReleaseScriptCaches (0ms)
		RebuildScriptCaches (0ms)
		SetupLoadedEditorAssemblies (359ms)
			LogAssemblyErrors (0ms)
			InitializePlatformSupportModulesInManaged (4ms)
			SetLoadedEditorAssemblies (4ms)
			RefreshPlugins (0ms)
			BeforeProcessingInitializeOnLoad (57ms)
			ProcessInitializeOnLoadAttributes (237ms)
			ProcessInitializeOnLoadMethodAttributes (54ms)
			AfterProcessingInitializeOnLoad (3ms)
			EditorAssembliesLoaded (0ms)
		ExecutionOrderSort2 (0ms)
		AwakeInstancesAfterBackupRestoration (4ms)
Launched and connected shader compiler UnityShaderCompiler.exe after 0.02 seconds
Refreshing native plugins compatible for Editor in 2.06 ms, found 4 plugins.
Preloading 0 native plugins for Editor in 0.00 ms.
Unloading 5633 Unused Serialized files (Serialized files now loaded: 0)
Unloading 99 unused Assets / (0.9 MB). Loaded Objects now: 6079.
Memory consumption went from 212.3 MB to 211.4 MB.
Total: 3.172300 ms (FindLiveObjects: 0.293000 ms CreateObjectMapping: 0.088200 ms MarkObjects: 2.497600 ms  DeleteObjects: 0.292700 ms)

AssetImportParameters requested are different than current active one (requested -> active):
  custom:container-demuxer-ogg: 62fdf1f143b41e24485cea50d1cbac27 -> 
  custom:video-codec-MediaFoundation-h265: 746d11721c4dcdbdad8f713fa42b33f4 -> 
  custom:video-decoder-ogg-theora: a1e56fd34408186e4bbccfd4996cb3dc -> 
  custom:framework-win-MediaFoundation: 216162199b28c13a410421893ffa2e32 -> 
  custom:CustomObjectIndexerAttribute: a3ef5dd2817f97addfee359851a9dba5 -> 
  custom:container-demuxer-webm: 4f35f7cbe854078d1ac9338744f61a02 -> 
  custom:container-muxer-webm: aa71ff27fc2769a1b78a27578f13a17b -> 
  custom:video-decoder-webm-vp8: 9c59270c3fd7afecdb556c50c9e8de78 -> 
  custom:SearchIndexIgnoredProperties: e643bd26f0fe6173181afceb89e7c659 -> 
  custom:AudioImporter_EditorPlatform: d09bf68614088b80899f8185d706f6e7 -> 
  custom:video-encoder-webm-vp8: eb34c28f22e8b96e1ab97ce403110664 -> 
  custom:audio-decoder-ogg-vorbis: bf7c407c2cedff20999df2af8eb42d56 -> 
  custom:audio-encoder-webm-vorbis: bf7c407c2cedff20999df2af8eb42d56 -> 
========================================================================
Received Import Request.
  Time since last request: 11708.721320 seconds.
  path: Assets/SunnyLand Artwork/Environment/Tileset/tileset-sliced_0.asset
  artifactKey: Guid(bb3520a55781a954abe89b92bcdc313f) Importer(815301076,1909f56bfc062723c751e8b465ee728b)
Start importing Assets/SunnyLand Artwork/Environment/Tileset/tileset-sliced_0.asset using Guid(bb3520a55781a954abe89b92bcdc313f) Importer(815301076,1909f56bfc062723c751e8b465ee728b)  -> (artifact id: '083fbe9cf01d436726c6698b1bc45ec6') in 0.038517 seconds
Number of updated asset objects reloaded before import = 0
Number of asset objects unloaded after import = 1
========================================================================
Received Import Request.
  Time since last request: 0.000030 seconds.
  path: Assets/SunnyLand Artwork/Environment/Tileset/tileset-sliced_41.asset
  artifactKey: Guid(34e7085cd8d4f5347b0a181164941bef) Importer(815301076,1909f56bfc062723c751e8b465ee728b)
Start importing Assets/SunnyLand Artwork/Environment/Tileset/tileset-sliced_41.asset using Guid(34e7085cd8d4f5347b0a181164941bef) Importer(815301076,1909f56bfc062723c751e8b465ee728b)  -> (artifact id: 'a3a190ad2f4a64fc844a918609d8df64') in 0.001604 seconds
Number of updated asset objects reloaded before import = 0
Number of asset objects unloaded after import = 1
========================================================================
Received Import Request.
  Time since last request: 0.000113 seconds.
  path: Assets/SunnyLand Artwork/Environment/Tileset/tileset-sliced_30.asset
  artifactKey: Guid(4c4f101011a3f6f4b91cd4ab5acf104c) Importer(815301076,1909f56bfc062723c751e8b465ee728b)
Start importing Assets/SunnyLand Artwork/Environment/Tileset/tileset-sliced_30.asset using Guid(4c4f101011a3f6f4b91cd4ab5acf104c) Importer(815301076,1909f56bfc062723c751e8b465ee728b)  -> (artifact id: 'cace2326cb2bc9e2ad8446922bd6e6c8') in 0.001449 seconds
Number of updated asset objects reloaded before import = 0
Number of asset objects unloaded after import = 1
========================================================================
Received Import Request.
  Time since last request: 0.000008 seconds.
  path: Assets/SunnyLand Artwork/Environment/Tileset/tileset-sliced_31.asset
  artifactKey: Guid(a7dca9d71591f534d82dfb8263cc6b2b) Importer(815301076,1909f56bfc062723c751e8b465ee728b)
Start importing Assets/SunnyLand Artwork/Environment/Tileset/tileset-sliced_31.asset using Guid(a7dca9d71591f534d82dfb8263cc6b2b) Importer(815301076,1909f56bfc062723c751e8b465ee728b)  -> (artifact id: 'af1825917cf33cec3591659542972cf4') in 0.001379 seconds
Number of updated asset objects reloaded before import = 0
Number of asset objects unloaded after import = 1
========================================================================
Received Import Request.
  Time since last request: 0.000008 seconds.
  path: Assets/SunnyLand Artwork/Environment/Tileset/tileset-sliced_13.asset
  artifactKey: Guid(b7db3835f44776744aa6b17f5fe0bd26) Importer(815301076,1909f56bfc062723c751e8b465ee728b)
Start importing Assets/SunnyLand Artwork/Environment/Tileset/tileset-sliced_13.asset using Guid(b7db3835f44776744aa6b17f5fe0bd26) Importer(815301076,1909f56bfc062723c751e8b465ee728b)  -> (artifact id: 'd218eeaf30564e38fe3a6eeb4d68d668') in 0.001513 seconds
Number of updated asset objects reloaded before import = 0
Number of asset objects unloaded after import = 1
========================================================================
Received Import Request.
  Time since last request: 0.000056 seconds.
  path: Assets/SunnyLand Artwork/Environment/Tileset/tileset-sliced_84.asset
  artifactKey: Guid(d9c9fcf3b53de8e4f993609cdac7c322) Importer(815301076,1909f56bfc062723c751e8b465ee728b)
Start importing Assets/SunnyLand Artwork/Environment/Tileset/tileset-sliced_84.asset using Guid(d9c9fcf3b53de8e4f993609cdac7c322) Importer(815301076,1909f56bfc062723c751e8b465ee728b)  -> (artifact id: 'eb9b80e9672a241778060329004a739b') in 0.001526 seconds
Number of updated asset objects reloaded before import = 0
Number of asset objects unloaded after import = 1
========================================================================
Received Import Request.
  Time since last request: 0.000031 seconds.
  path: Assets/SunnyLand Artwork/Environment/Tileset/tileset-sliced_8.asset
  artifactKey: Guid(d8dc96555df42e94dba565eae3e3e30d) Importer(815301076,1909f56bfc062723c751e8b465ee728b)
Start importing Assets/SunnyLand Artwork/Environment/Tileset/tileset-sliced_8.asset using Guid(d8dc96555df42e94dba565eae3e3e30d) Importer(815301076,1909f56bfc062723c751e8b465ee728b)  -> (artifact id: '29bd694e589eb2e54ed37373be5e7c6d') in 0.001524 seconds
Number of updated asset objects reloaded before import = 0
Number of asset objects unloaded after import = 1
========================================================================
Received Import Request.
  Time since last request: 0.000009 seconds.
  path: Assets/SunnyLand Artwork/Environment/Tileset/tileset-sliced_21.asset
  artifactKey: Guid(b02df6a39c3c60445993c5f9235b37e3) Importer(815301076,1909f56bfc062723c751e8b465ee728b)
Start importing Assets/SunnyLand Artwork/Environment/Tileset/tileset-sliced_21.asset using Guid(b02df6a39c3c60445993c5f9235b37e3) Importer(815301076,1909f56bfc062723c751e8b465ee728b)  -> (artifact id: 'c9e1c6474caf639371958178521316ff') in 0.001399 seconds
Number of updated asset objects reloaded before import = 0
Number of asset objects unloaded after import = 1
========================================================================
Received Import Request.
  Time since last request: 0.000099 seconds.
  path: Assets/SunnyLand Artwork/Environment/Tileset/tileset-sliced_66.asset
  artifactKey: Guid(0e47bc3f4f4fa6842bcc126de133fd67) Importer(815301076,1909f56bfc062723c751e8b465ee728b)
Start importing Assets/SunnyLand Artwork/Environment/Tileset/tileset-sliced_66.asset using Guid(0e47bc3f4f4fa6842bcc126de133fd67) Importer(815301076,1909f56bfc062723c751e8b465ee728b)  -> (artifact id: '3630ccc339f283a9a20c51fbb3194d6a') in 0.001599 seconds
Number of updated asset objects reloaded before import = 0
Number of asset objects unloaded after import = 1
========================================================================
Received Import Request.
  Time since last request: 0.000010 seconds.
  path: Assets/SunnyLand Artwork/Environment/Tileset/tileset-sliced_85.asset
  artifactKey: Guid(6b1d8c50cc16b93438a5adc569a81b76) Importer(815301076,1909f56bfc062723c751e8b465ee728b)
Start importing Assets/SunnyLand Artwork/Environment/Tileset/tileset-sliced_85.asset using Guid(6b1d8c50cc16b93438a5adc569a81b76) Importer(815301076,1909f56bfc062723c751e8b465ee728b)  -> (artifact id: 'e29410d1c0d25ace413aee044591da70') in 0.001529 seconds
Number of updated asset objects reloaded before import = 0
Number of asset objects unloaded after import = 1
========================================================================
Received Import Request.
  Time since last request: 0.000009 seconds.
  path: Assets/SunnyLand Artwork/Environment/Tileset/tileset-sliced_82.asset
  artifactKey: Guid(d0156377d09f6c34a85bd8fb0c0c14c1) Importer(815301076,1909f56bfc062723c751e8b465ee728b)
Start importing Assets/SunnyLand Artwork/Environment/Tileset/tileset-sliced_82.asset using Guid(d0156377d09f6c34a85bd8fb0c0c14c1) Importer(815301076,1909f56bfc062723c751e8b465ee728b)  -> (artifact id: 'b3ac87bd90d6842ba239ff51d208e24f') in 0.001555 seconds
Number of updated asset objects reloaded before import = 0
Number of asset objects unloaded after import = 1
========================================================================
Received Import Request.
  Time since last request: 0.000071 seconds.
  path: Assets/SunnyLand Artwork/Environment/Tileset/tileset-sliced_51.asset
  artifactKey: Guid(3bd0c7c51a16804468adfa1189f4d3e7) Importer(815301076,1909f56bfc062723c751e8b465ee728b)
Start importing Assets/SunnyLand Artwork/Environment/Tileset/tileset-sliced_51.asset using Guid(3bd0c7c51a16804468adfa1189f4d3e7) Importer(815301076,1909f56bfc062723c751e8b465ee728b)  -> (artifact id: 'cc7c1d528ad47e2e0db3ee7418c12cea') in 0.001639 seconds
Number of updated asset objects reloaded before import = 0
Number of asset objects unloaded after import = 1
========================================================================
Received Import Request.
  Time since last request: 0.000078 seconds.
  path: Assets/SunnyLand Artwork/Environment/Tileset/tileset-sliced_36.asset
  artifactKey: Guid(db4fa6d5e47b2bb4fb72eef721796be1) Importer(815301076,1909f56bfc062723c751e8b465ee728b)
Start importing Assets/SunnyLand Artwork/Environment/Tileset/tileset-sliced_36.asset using Guid(db4fa6d5e47b2bb4fb72eef721796be1) Importer(815301076,1909f56bfc062723c751e8b465ee728b)  -> (artifact id: 'b43a08c1d7e06bb11d761f0d1e81221d') in 0.001644 seconds
Number of updated asset objects reloaded before import = 0
Number of asset objects unloaded after import = 1
========================================================================
Received Import Request.
  Time since last request: 0.000010 seconds.
  path: Assets/SunnyLand Artwork/Environment/Tileset/tileset-sliced_7.asset
  artifactKey: Guid(b7f23a79dfd6b104593150a2da274ec8) Importer(815301076,1909f56bfc062723c751e8b465ee728b)
Start importing Assets/SunnyLand Artwork/Environment/Tileset/tileset-sliced_7.asset using Guid(b7f23a79dfd6b104593150a2da274ec8) Importer(815301076,1909f56bfc062723c751e8b465ee728b)  -> (artifact id: 'ac744f0313c73806d2c52f6da42f8073') in 0.001605 seconds
Number of updated asset objects reloaded before import = 0
Number of asset objects unloaded after import = 1
========================================================================
Received Import Request.
  Time since last request: 0.000129 seconds.
  path: Assets/SunnyLand Artwork/Environment/Tileset/tileset-sliced_40.asset
  artifactKey: Guid(0403385aea9241d4f905978063b5f6fa) Importer(815301076,1909f56bfc062723c751e8b465ee728b)
Start importing Assets/SunnyLand Artwork/Environment/Tileset/tileset-sliced_40.asset using Guid(0403385aea9241d4f905978063b5f6fa) Importer(815301076,1909f56bfc062723c751e8b465ee728b)  -> (artifact id: '798560ecd6e1eb82c2497d839af7a30c') in 0.002309 seconds
Number of updated asset objects reloaded before import = 0
Number of asset objects unloaded after import = 1
========================================================================
Received Import Request.
  Time since last request: 0.000013 seconds.
  path: Assets/SunnyLand Artwork/Environment/Tileset/tileset-sliced_74.asset
  artifactKey: Guid(c6552e41282d9554087c672319895a4e) Importer(815301076,1909f56bfc062723c751e8b465ee728b)
Start importing Assets/SunnyLand Artwork/Environment/Tileset/tileset-sliced_74.asset using Guid(c6552e41282d9554087c672319895a4e) Importer(815301076,1909f56bfc062723c751e8b465ee728b)  -> (artifact id: 'b16151353239ea2b2cee5f7a2efff2c1') in 0.001708 seconds
Number of updated asset objects reloaded before import = 0
Number of asset objects unloaded after import = 1
========================================================================
Received Import Request.
  Time since last request: 0.000010 seconds.
  path: Assets/SunnyLand Artwork/Environment/Tileset/tileset-sliced_72.asset
  artifactKey: Guid(74bcfd18541b84f49a56abbee0b62b83) Importer(815301076,1909f56bfc062723c751e8b465ee728b)
Start importing Assets/SunnyLand Artwork/Environment/Tileset/tileset-sliced_72.asset using Guid(74bcfd18541b84f49a56abbee0b62b83) Importer(815301076,1909f56bfc062723c751e8b465ee728b)  -> (artifact id: 'f1979a16611c6c20da99fdfd0463371f') in 0.001596 seconds
Number of updated asset objects reloaded before import = 0
Number of asset objects unloaded after import = 1
========================================================================
Received Import Request.
  Time since last request: 0.000051 seconds.
  path: Assets/SunnyLand Artwork/Environment/Tileset/tileset-sliced_28.asset
  artifactKey: Guid(6b437b4fa0d0f4648b4f687cf539ab76) Importer(815301076,1909f56bfc062723c751e8b465ee728b)
Start importing Assets/SunnyLand Artwork/Environment/Tileset/tileset-sliced_28.asset using Guid(6b437b4fa0d0f4648b4f687cf539ab76) Importer(815301076,1909f56bfc062723c751e8b465ee728b)  -> (artifact id: '51981d39203407b0c1dec9e6b7059cca') in 0.001995 seconds
Number of updated asset objects reloaded before import = 0
Number of asset objects unloaded after import = 1
========================================================================
Received Import Request.
  Time since last request: 0.000011 seconds.
  path: Assets/SunnyLand Artwork/Environment/Tileset/tileset-sliced_45.asset
  artifactKey: Guid(6232d16a90f135d4ea368d5e8b34b4a3) Importer(815301076,1909f56bfc062723c751e8b465ee728b)
Start importing Assets/SunnyLand Artwork/Environment/Tileset/tileset-sliced_45.asset using Guid(6232d16a90f135d4ea368d5e8b34b4a3) Importer(815301076,1909f56bfc062723c751e8b465ee728b)  -> (artifact id: 'dbfe9216e333e1e036f0275b7660eb8e') in 0.001695 seconds
Number of updated asset objects reloaded before import = 0
Number of asset objects unloaded after import = 1
========================================================================
Received Import Request.
  Time since last request: 0.000165 seconds.
  path: Assets/SunnyLand Artwork/Environment/Tileset/tileset-sliced_3.asset
  artifactKey: Guid(a0b280c02cbfffe4084f4722ed26afcc) Importer(815301076,1909f56bfc062723c751e8b465ee728b)
Start importing Assets/SunnyLand Artwork/Environment/Tileset/tileset-sliced_3.asset using Guid(a0b280c02cbfffe4084f4722ed26afcc) Importer(815301076,1909f56bfc062723c751e8b465ee728b)  -> (artifact id: '423daf5c13f1109bbf9a63cfbd2c665c') in 0.001596 seconds
Number of updated asset objects reloaded before import = 0
Number of asset objects unloaded after import = 1
========================================================================
Received Import Request.
  Time since last request: 0.000057 seconds.
  path: Assets/SunnyLand Artwork/Environment/Tileset/tileset-sliced_75.asset
  artifactKey: Guid(980de823f08f5c8429c5090bd39089aa) Importer(815301076,1909f56bfc062723c751e8b465ee728b)
Start importing Assets/SunnyLand Artwork/Environment/Tileset/tileset-sliced_75.asset using Guid(980de823f08f5c8429c5090bd39089aa) Importer(815301076,1909f56bfc062723c751e8b465ee728b)  -> (artifact id: '917e0e8a182d824f5078f145100d3be0') in 0.001550 seconds
Number of updated asset objects reloaded before import = 0
Number of asset objects unloaded after import = 1
========================================================================
Received Import Request.
  Time since last request: 0.000048 seconds.
  path: Assets/SunnyLand Artwork/Environment/Tileset/tileset-sliced_38.asset
  artifactKey: Guid(897eed2c71ed45749b27f38e360b92fc) Importer(815301076,1909f56bfc062723c751e8b465ee728b)
Start importing Assets/SunnyLand Artwork/Environment/Tileset/tileset-sliced_38.asset using Guid(897eed2c71ed45749b27f38e360b92fc) Importer(815301076,1909f56bfc062723c751e8b465ee728b)  -> (artifact id: '5d7fcce79398ba1803b3e8fecb6d3fdb') in 0.001819 seconds
Number of updated asset objects reloaded before import = 0
Number of asset objects unloaded after import = 1
========================================================================
Received Import Request.
  Time since last request: 0.000060 seconds.
  path: Assets/SunnyLand Artwork/Environment/Tileset/tileset-sliced_64.asset
  artifactKey: Guid(289e056c352bcc0438d5a175da7cb378) Importer(815301076,1909f56bfc062723c751e8b465ee728b)
Start importing Assets/SunnyLand Artwork/Environment/Tileset/tileset-sliced_64.asset using Guid(289e056c352bcc0438d5a175da7cb378) Importer(815301076,1909f56bfc062723c751e8b465ee728b)  -> (artifact id: '575a17fa425f8ff55f4c4cdc21f1d8ce') in 0.001760 seconds
Number of updated asset objects reloaded before import = 0
Number of asset objects unloaded after import = 1
========================================================================
Received Import Request.
  Time since last request: 0.000010 seconds.
  path: Assets/SunnyLand Artwork/Environment/Tileset/tileset-sliced_37.asset
  artifactKey: Guid(0db47fab51e28614f89faface3c7e766) Importer(815301076,1909f56bfc062723c751e8b465ee728b)
Start importing Assets/SunnyLand Artwork/Environment/Tileset/tileset-sliced_37.asset using Guid(0db47fab51e28614f89faface3c7e766) Importer(815301076,1909f56bfc062723c751e8b465ee728b)  -> (artifact id: 'f95e2b89935a29b48ff9bfd7da470b32') in 0.001764 seconds
Number of updated asset objects reloaded before import = 0
Number of asset objects unloaded after import = 1
========================================================================
Received Import Request.
  Time since last request: 0.000029 seconds.
  path: Assets/SunnyLand Artwork/Environment/Tileset/tileset-sliced_50.asset
  artifactKey: Guid(5e5eaf71b365a1f4bb567388ab72640a) Importer(815301076,1909f56bfc062723c751e8b465ee728b)
Start importing Assets/SunnyLand Artwork/Environment/Tileset/tileset-sliced_50.asset using Guid(5e5eaf71b365a1f4bb567388ab72640a) Importer(815301076,1909f56bfc062723c751e8b465ee728b)  -> (artifact id: 'b1b70e8d79a053cf7d2637690cbe00fb') in 0.001766 seconds
Number of updated asset objects reloaded before import = 0
Number of asset objects unloaded after import = 1
========================================================================
Received Import Request.
  Time since last request: 0.000054 seconds.
  path: Assets/SunnyLand Artwork/Environment/Tileset/tileset-sliced_18.asset
  artifactKey: Guid(0162cdbfcae4110498f6e1d3e35b1c55) Importer(815301076,1909f56bfc062723c751e8b465ee728b)
Start importing Assets/SunnyLand Artwork/Environment/Tileset/tileset-sliced_18.asset using Guid(0162cdbfcae4110498f6e1d3e35b1c55) Importer(815301076,1909f56bfc062723c751e8b465ee728b)  -> (artifact id: 'fed8d8dcd0fd9948985cc8d11a647d20') in 0.002417 seconds
Number of updated asset objects reloaded before import = 0
Number of asset objects unloaded after import = 1
========================================================================
Received Import Request.
  Time since last request: 0.000017 seconds.
  path: Assets/SunnyLand Artwork/Environment/Tileset/tileset-sliced_78.asset
  artifactKey: Guid(4d820143dabff7f48888a021fb66efe6) Importer(815301076,1909f56bfc062723c751e8b465ee728b)
Start importing Assets/SunnyLand Artwork/Environment/Tileset/tileset-sliced_78.asset using Guid(4d820143dabff7f48888a021fb66efe6) Importer(815301076,1909f56bfc062723c751e8b465ee728b)  -> (artifact id: '6733e93eeadbc5194f896adf9e0815ed') in 0.001974 seconds
Number of updated asset objects reloaded before import = 0
Number of asset objects unloaded after import = 1
========================================================================
Received Import Request.
  Time since last request: 0.000066 seconds.
  path: Assets/SunnyLand Artwork/Environment/Tileset/tileset-sliced_53.asset
  artifactKey: Guid(e4f7514cb0b1f8a4fa939a375b06a9dd) Importer(815301076,1909f56bfc062723c751e8b465ee728b)
Start importing Assets/SunnyLand Artwork/Environment/Tileset/tileset-sliced_53.asset using Guid(e4f7514cb0b1f8a4fa939a375b06a9dd) Importer(815301076,1909f56bfc062723c751e8b465ee728b)  -> (artifact id: '5b16b8d9875325244530e4859c835efd') in 0.001746 seconds
Number of updated asset objects reloaded before import = 0
Number of asset objects unloaded after import = 1
========================================================================
Received Import Request.
  Time since last request: 8.916859 seconds.
  path: Assets/SunnyLand Artwork/Environment/Tileset/tileset-sliced_88.asset
  artifactKey: Guid(7197e56390a633d4ca0dab4b43f1b762) Importer(815301076,1909f56bfc062723c751e8b465ee728b)
Start importing Assets/SunnyLand Artwork/Environment/Tileset/tileset-sliced_88.asset using Guid(7197e56390a633d4ca0dab4b43f1b762) Importer(815301076,1909f56bfc062723c751e8b465ee728b)  -> (artifact id: '32c829690502dafc0d1c83a904b6c8d8') in 0.001793 seconds
Number of updated asset objects reloaded before import = 0
Number of asset objects unloaded after import = 1
========================================================================
Received Import Request.
  Time since last request: 0.000011 seconds.
  path: Assets/SunnyLand Artwork/Environment/Tileset/tileset-sliced_99.asset
  artifactKey: Guid(1f98f6970b7fce24a97d80bfb07728b6) Importer(815301076,1909f56bfc062723c751e8b465ee728b)
Start importing Assets/SunnyLand Artwork/Environment/Tileset/tileset-sliced_99.asset using Guid(1f98f6970b7fce24a97d80bfb07728b6) Importer(815301076,1909f56bfc062723c751e8b465ee728b)  -> (artifact id: '58dc35944ad285e857138b5868538920') in 0.002278 seconds
Number of updated asset objects reloaded before import = 0
Number of asset objects unloaded after import = 1
========================================================================
Received Import Request.
  Time since last request: 0.000052 seconds.
  path: Assets/SunnyLand Artwork/Environment/Tileset/tileset-sliced_96.asset
  artifactKey: Guid(2da0581e3a69dee46bd67ef0558303bd) Importer(815301076,1909f56bfc062723c751e8b465ee728b)
Start importing Assets/SunnyLand Artwork/Environment/Tileset/tileset-sliced_96.asset using Guid(2da0581e3a69dee46bd67ef0558303bd) Importer(815301076,1909f56bfc062723c751e8b465ee728b)  -> (artifact id: '2ff2ef923f80743a47ec123f3ca33dd3') in 0.001837 seconds
Number of updated asset objects reloaded before import = 0
Number of asset objects unloaded after import = 1
========================================================================
Received Import Request.
  Time since last request: 0.000011 seconds.
  path: Assets/SunnyLand Artwork/Environment/Tileset/tileset-sliced_107.asset
  artifactKey: Guid(5a80fe4c8be81024e8b13735ff923ee7) Importer(815301076,1909f56bfc062723c751e8b465ee728b)
Start importing Assets/SunnyLand Artwork/Environment/Tileset/tileset-sliced_107.asset using Guid(5a80fe4c8be81024e8b13735ff923ee7) Importer(815301076,1909f56bfc062723c751e8b465ee728b)  -> (artifact id: '4537e5b31621d8ef88e161a489a59355') in 0.002040 seconds
Number of updated asset objects reloaded before import = 0
Number of asset objects unloaded after import = 1
========================================================================
Received Import Request.
  Time since last request: 0.000024 seconds.
  path: Assets/SunnyLand Artwork/Environment/Tileset/tileset-sliced_98.asset
  artifactKey: Guid(4857ecee0f7f0ad4eac1bc3b74e07a97) Importer(815301076,1909f56bfc062723c751e8b465ee728b)
Start importing Assets/SunnyLand Artwork/Environment/Tileset/tileset-sliced_98.asset using Guid(4857ecee0f7f0ad4eac1bc3b74e07a97) Importer(815301076,1909f56bfc062723c751e8b465ee728b)  -> (artifact id: 'd1a569115acda467a0472cf775a0024d') in 0.001903 seconds
Number of updated asset objects reloaded before import = 0
Number of asset objects unloaded after import = 1
========================================================================
Received Import Request.
  Time since last request: 0.000026 seconds.
  path: Assets/SunnyLand Artwork/Environment/Tileset/tileset-sliced_100.asset
  artifactKey: Guid(872081b14e7089c4c8aa4ca2ff04d870) Importer(815301076,1909f56bfc062723c751e8b465ee728b)
Start importing Assets/SunnyLand Artwork/Environment/Tileset/tileset-sliced_100.asset using Guid(872081b14e7089c4c8aa4ca2ff04d870) Importer(815301076,1909f56bfc062723c751e8b465ee728b)  -> (artifact id: '92db4cc472ba28d1fdbd7b71304adad6') in 0.001783 seconds
Number of updated asset objects reloaded before import = 0
Number of asset objects unloaded after import = 1
========================================================================
Received Import Request.
  Time since last request: 0.000012 seconds.
  path: Assets/SunnyLand Artwork/Environment/Tileset/tileset-sliced_106.asset
  artifactKey: Guid(59b06d2d0eac74e44a1e31ae4c52d5f2) Importer(815301076,1909f56bfc062723c751e8b465ee728b)
Start importing Assets/SunnyLand Artwork/Environment/Tileset/tileset-sliced_106.asset using Guid(59b06d2d0eac74e44a1e31ae4c52d5f2) Importer(815301076,1909f56bfc062723c751e8b465ee728b)  -> (artifact id: '17eaebf4077b015f15bd3586b1cf0776') in 0.001561 seconds
Number of updated asset objects reloaded before import = 0
Number of asset objects unloaded after import = 1
========================================================================
Received Import Request.
  Time since last request: 0.015344 seconds.
  path: Assets/SunnyLand Artwork/Environment/Tileset/tileset-sliced_110.asset
  artifactKey: Guid(356e51e55dc771d43a2af1141ac0c6ae) Importer(815301076,1909f56bfc062723c751e8b465ee728b)
Start importing Assets/SunnyLand Artwork/Environment/Tileset/tileset-sliced_110.asset using Guid(356e51e55dc771d43a2af1141ac0c6ae) Importer(815301076,1909f56bfc062723c751e8b465ee728b)  -> (artifact id: 'ec1a65808edea56d1fa01e41d6621c99') in 0.001947 seconds
Number of updated asset objects reloaded before import = 0
Number of asset objects unloaded after import = 1
========================================================================
Received Import Request.
  Time since last request: 0.000069 seconds.
  path: Assets/SunnyLand Artwork/Environment/Tileset/tileset-sliced_122.asset
  artifactKey: Guid(d196c04e921d9b74091edb8436f7e9ec) Importer(815301076,1909f56bfc062723c751e8b465ee728b)
Start importing Assets/SunnyLand Artwork/Environment/Tileset/tileset-sliced_122.asset using Guid(d196c04e921d9b74091edb8436f7e9ec) Importer(815301076,1909f56bfc062723c751e8b465ee728b)  -> (artifact id: '16d63de447ccd2b61427956fe7043388') in 0.001964 seconds
Number of updated asset objects reloaded before import = 0
Number of asset objects unloaded after import = 1
========================================================================
Received Import Request.
  Time since last request: 0.000043 seconds.
  path: Assets/SunnyLand Artwork/Environment/Tileset/tileset-sliced_124.asset
  artifactKey: Guid(3010b24de58d5904e8a14d6374475698) Importer(815301076,1909f56bfc062723c751e8b465ee728b)
Start importing Assets/SunnyLand Artwork/Environment/Tileset/tileset-sliced_124.asset using Guid(3010b24de58d5904e8a14d6374475698) Importer(815301076,1909f56bfc062723c751e8b465ee728b)  -> (artifact id: '7e1d670aeb630f7141ab5b704cd1bc31') in 0.001508 seconds
Number of updated asset objects reloaded before import = 0
Number of asset objects unloaded after import = 1
Editor requested this worker to shutdown with reason: Scaling down because of idle timeout
TcpMessagingSession - receive error
AssetImportWorkerClient::OnTransportError - code=2 error=End of file
AssetImportWorker is now disconnected from the server
Process exiting
Exiting without the bug reporter. Application will terminate with return code 0